<?xml version="1.0" encoding="UTF-8"?>
<!-- Generated by org.testng.reporters.JUnitReportReporter -->
<testsuite hostname="Saifali-PC" name="com.Cucumber.framework.runner.OrangeHRMSignInFeatureRunner" tests="1" failures="0" timestamp="28 Oct 2017 03:52:19 GMT" time="138.382" errors="0">
  <testcase name="feature" time="138.382" classname="com.Cucumber.framework.runner.OrangeHRMSignInFeatureRunner"/>
</testsuite> <!-- com.Cucumber.framework.runner.OrangeHRMSignInFeatureRunner -->
