<?xml version="1.0" encoding="UTF-8"?>
<!-- Generated by org.testng.reporters.JUnitReportReporter -->
<testsuite hostname="Saifali-PC" name="com.Cucumber.framework.runner.FacebookLoginFeatureRunner" tests="1" failures="0" timestamp="12 Oct 2017 16:51:30 GMT" time="0.046" errors="0">
  <testcase name="feature" time="0.046" classname="com.Cucumber.framework.runner.FacebookLoginFeatureRunner"/>
</testsuite> <!-- com.Cucumber.framework.runner.FacebookLoginFeatureRunner -->
